<?xml version="1.0" encoding="UTF-8" ?>
<testsuites>
  <testsuite errors="1" failures="0" hostname="macbook-dev.local" id="0" name="SimpleControllerIntegrationTests" package="example" tests="1" time="0.249" timestamp="2010-01-24T00:39:39">
      <properties />

      <testcase classname="example.SimpleControllerIntegrationTests" name="testControllerWithCommandObject" time="0.071">
          <error message="No such property: model for class: example.SimpleController" type="groovy.lang.MissingPropertyException">groovy.lang.MissingPropertyException: No such property: model for class: example.SimpleController
	at example.SimpleControllerIntegrationTests.testControllerWithCommandObject(SimpleControllerIntegrationTests.groovy:20)
	at junit.framework.Test$run.call(Unknown Source)
	at _GrailsTest_groovy$_run_closure4.doCall(_GrailsTest_groovy:262)
	at _GrailsTest_groovy$_run_closure4.call(_GrailsTest_groovy)
	at _GrailsTest_groovy$_run_closure2.doCall(_GrailsTest_groovy:221)
	at _GrailsTest_groovy$_run_closure1_closure21.doCall(_GrailsTest_groovy:181)
	at _GrailsTest_groovy$_run_closure1.doCall(_GrailsTest_groovy:168)
	at TestApp$_run_closure1.doCall(TestApp.groovy:102)
	at gant.Gant$_dispatch_closure4.doCall(Gant.groovy:324)
	at gant.Gant$_dispatch_closure6.doCall(Gant.groovy:334)
	at gant.Gant$_dispatch_closure6.doCall(Gant.groovy)
	at gant.Gant.withBuildListeners(Gant.groovy:344)
	at gant.Gant.this$2$withBuildListeners(Gant.groovy)
	at gant.Gant$this$2$withBuildListeners.callCurrent(Unknown Source)
	at gant.Gant.dispatch(Gant.groovy:334)
	at gant.Gant.this$2$dispatch(Gant.groovy)
	at gant.Gant.invokeMethod(Gant.groovy)
	at gant.Gant.processTargets(Gant.groovy:495)
	at gant.Gant.processTargets(Gant.groovy:480)
</error>

      </testcase>

      <system-out><![CDATA[
##teamcity[testSuiteStarted name='example.SimpleControllerIntegrationTests' locationHint='grails://className::example.SimpleControllerIntegrationTests']
--Output from testControllerWithCommandObject--

##teamcity[testStarted name='testControllerWithCommandObject' captureStandardOutput='false' locationHint='grails://methodName::example.SimpleControllerIntegrationTests.testControllerWithCommandObject']
[name:Stephen Smithstone]
Simple Command [name = Stephen Smithstone ]

##teamcity[testFailed name='testControllerWithCommandObject' message='No such property: model for class: example.SimpleController' details='groovy.lang.MissingPropertyException: No such property: model for class: example.SimpleController|n	at org.codehaus.groovy.runtime.ScriptBytecodeAdapter.unwrap(ScriptBytecodeAdapter.java:49)|n	at org.codehaus.groovy.runtime.callsite.PogoMetaClassGetPropertySite.getProperty(PogoMetaClassGetPropertySite.java:50)|n	at org.codehaus.groovy.runtime.callsite.AbstractCallSite.callGroovyObjectGetProperty(AbstractCallSite.java:241)|n	at example.SimpleControllerIntegrationTests.testControllerWithCommandObject(SimpleControllerIntegrationTests.groovy:20)|n	at sun.reflect.NativeMethodAccessorImpl.invoke0(Native Method)|n	at sun.reflect.NativeMethodAccessorImpl.invoke(NativeMethodAccessorImpl.java:39)|n	at sun.reflect.DelegatingMethodAccessorImpl.invoke(DelegatingMethodAccessorImpl.java:25)|n	at java.lang.reflect.Method.invoke(Method.java:597)|n	at junit.framework.TestCase.runTest(TestCase.java:164)|n	at junit.framework.TestCase.runBare(TestCase.java:130)|n	at junit.framework.TestResult$1.protect(TestResult.java:106)|n	at junit.framework.TestResult.runProtected(TestResult.java:124)|n	at junit.framework.TestResult.run(TestResult.java:109)|n	at junit.framework.TestCase.run(TestCase.java:120)|n	at junit.framework.Test$run.call(Unknown Source)|n	at org.codehaus.groovy.runtime.callsite.CallSiteArray.defaultCall(CallSiteArray.java:40)|n	at org.codehaus.groovy.runtime.callsite.AbstractCallSite.call(AbstractCallSite.java:117)|n	at org.codehaus.groovy.runtime.callsite.AbstractCallSite.call(AbstractCallSite.java:125)|n	at org.codehaus.groovy.grails.test.junit3.JUnit3GrailsEnvironmentTestSuite$_runTest_closure1.doCall(JUnit3GrailsEnvironmentTestSuite.groovy:74)|n	at sun.reflect.NativeMethodAccessorImpl.invoke0(Native Method)|n	at sun.reflect.NativeMethodAccessorImpl.invoke(NativeMethodAccessorImpl.java:39)|n	at sun.reflect.DelegatingMethodAccessorImpl.invoke(DelegatingMethodAccessorImpl.java:25)|n	at java.lang.reflect.Method.invoke(Method.java:597)|n	at org.codehaus.groovy.runtime.callsite.PogoMetaMethodSite$PogoCachedMethodSite.invoke(PogoMetaMethodSite.java:225)|n	at org.codehaus.groovy.runtime.callsite.PogoMetaMethodSite.callCurrent(PogoMetaMethodSite.java:51)|n	at org.codehaus.groovy.runtime.callsite.CallSiteArray.defaultCallCurrent(CallSiteArray.java:44)|n	at org.codehaus.groovy.runtime.callsite.AbstractCallSite.callCurrent(AbstractCallSite.java:143)|n	at org.codehaus.groovy.runtime.callsite.AbstractCallSite.callCurrent(AbstractCallSite.java:151)|n	at org.codehaus.groovy.grails.test.junit3.JUnit3GrailsEnvironmentTestSuite$_runTest_closure1.doCall(JUnit3GrailsEnvironmentTestSuite.groovy)|n	at sun.reflect.NativeMethodAccessorImpl.invoke0(Native Method)|n	at sun.reflect.NativeMethodAccessorImpl.invoke(NativeMethodAccessorImpl.java:39)|n	at sun.reflect.DelegatingMethodAccessorImpl.invoke(DelegatingMethodAccessorImpl.java:25)|n	at java.lang.reflect.Method.invoke(Method.java:597)|n	at org.codehaus.groovy.reflection.CachedMethod.invoke(CachedMethod.java:86)|n	at groovy.lang.MetaMethod.doMethodInvoke(MetaMethod.java:234)|n	at groovy.lang.MetaClassImpl.invokeMethod(MetaClassImpl.java:1049)|n	at groovy.lang.ExpandoMetaClass.invokeMethod(ExpandoMetaClass.java:923)|n	at groovy.lang.MetaClassImpl.invokeMethod(MetaClassImpl.java:880)|n	at groovy.lang.Closure.call(Closure.java:279)|n	at groovy.lang.Closure.call(Closure.java:274)|n	at groovy.lang.Closure$call$0.call(Unknown Source)|n	at org.codehaus.groovy.runtime.callsite.CallSiteArray.defaultCall(CallSiteArray.java:40)|n	at org.codehaus.groovy.runtime.callsite.AbstractCallSite.call(AbstractCallSite.java:117)|n	at org.codehaus.groovy.runtime.callsite.AbstractCallSite.call(AbstractCallSite.java:121)|n	at org.codehaus.groovy.grails.test.support.GrailsTestTransactionInterceptor.doInTransaction(GrailsTestTransactionInterceptor.groovy:75)|n	at org.codehaus.groovy.grails.test.support.GrailsTestTransactionInterceptor$doInTransaction.call(Unknown Source)|n	at org.codehaus.groovy.runtime.callsite.CallSiteArray.defaultCall(CallSiteArray.java:40)|n	at org.codehaus.groovy.runtime.callsite.AbstractCallSite.call(AbstractCallSite.java:117)|n	at org.codehaus.groovy.runtime.callsite.AbstractCallSite.call(AbstractCallSite.java:125)|n	at org.codehaus.groovy.grails.test.junit3.JUnit3GrailsEnvironmentTestSuite$_runTest_closure2.doCall(JUnit3GrailsEnvironmentTestSuite.groovy:78)|n	at sun.reflect.NativeMethodAccessorImpl.invoke0(Native Method)|n	at sun.reflect.NativeMethodAccessorImpl.invoke(NativeMethodAccessorImpl.java:39)|n	at sun.reflect.DelegatingMethodAccessorImpl.invoke(DelegatingMethodAccessorImpl.java:25)|n	at java.lang.reflect.Method.invoke(Method.java:597)|n	at org.codehaus.groovy.runtime.callsite.PogoMetaMethodSite$PogoCachedMethodSite.invoke(PogoMetaMethodSite.java:225)|n	at org.codehaus.groovy.runtime.callsite.PogoMetaMethodSite.callCurrent(PogoMetaMethodSite.java:51)|n	at org.codehaus.groovy.runtime.callsite.CallSiteArray.defaultCallCurrent(CallSiteArray.java:44)|n	at org.codehaus.groovy.runtime.callsite.AbstractCallSite.callCurrent(AbstractCallSite.java:143)|n	at org.codehaus.groovy.runtime.callsite.AbstractCallSite.callCurrent(AbstractCallSite.java:151)|n	at org.codehaus.groovy.grails.test.junit3.JUnit3GrailsEnvironmentTestSuite$_runTest_closure2.doCall(JUnit3GrailsEnvironmentTestSuite.groovy)|n	at sun.reflect.NativeMethodAccessorImpl.invoke0(Native Method)|n	at sun.reflect.NativeMethodAccessorImpl.invoke(NativeMethodAccessorImpl.java:39)|n	at sun.reflect.DelegatingMethodAccessorImpl.invoke(DelegatingMethodAccessorImpl.java:25)|n	at java.lang.reflect.Method.invoke(Method.java:597)|n	at org.codehaus.groovy.reflection.CachedMethod.invoke(CachedMethod.java:86)|n	at groovy.lang.MetaMethod.doMethodInvoke(MetaMethod.java:234)|n	at groovy.lang.MetaClassImpl.invokeMethod(MetaClassImpl.java:1049)|n	at groovy.lang.ExpandoMetaClass.invokeMethod(ExpandoMetaClass.java:923)|n	at groovy.lang.MetaClassImpl.invokeMethod(MetaClassImpl.java:880)|n	at groovy.lang.Closure.call(Closure.java:279)|n	at groovy.lang.Closure.call(Closure.java:274)|n	at groovy.lang.Closure$call$0.call(Unknown Source)|n	at org.codehaus.groovy.runtime.callsite.CallSiteArray.defaultCall(CallSiteArray.java:40)|n	at org.codehaus.groovy.runtime.callsite.AbstractCallSite.call(AbstractCallSite.java:117)|n	at org.codehaus.groovy.runtime.callsite.AbstractCallSite.call(AbstractCallSite.java:121)|n	at org.codehaus.groovy.grails.test.support.GrailsTestRequestEnvironmentInterceptor.doInRequestEnvironment(GrailsTestRequestEnvironmentInterceptor.groovy:72)|n	at org.codehaus.groovy.grails.test.support.GrailsTestRequestEnvironmentInterceptor$doInRequestEnvironment$0.callCurrent(Unknown Source)|n	at org.codehaus.groovy.runtime.callsite.CallSiteArray.defaultCallCurrent(CallSiteArray.java:44)|n	at org.codehaus.groovy.runtime.callsite.AbstractCallSite.callCurrent(AbstractCallSite.java:143)|n	at org.codehaus.groovy.runtime.callsite.AbstractCallSite.callCurrent(AbstractCallSite.java:155)|n	at org.codehaus.groovy.grails.test.support.GrailsTestRequestEnvironmentInterceptor.doInRequestEnvironment(GrailsTestRequestEnvironmentInterceptor.groovy:63)|n	at org.codehaus.groovy.grails.test.support.GrailsTestRequestEnvironmentInterceptor$doInRequestEnvironment.call(Unknown Source)|n	at org.codehaus.groovy.runtime.callsite.CallSiteArray.defaultCall(CallSiteArray.java:40)|n	at org.codehaus.groovy.runtime.callsite.AbstractCallSite.call(AbstractCallSite.java:117)|n	at org.codehaus.groovy.runtime.callsite.AbstractCallSite.call(AbstractCallSite.java:125)|n	at org.codehaus.groovy.grails.test.junit3.JUnit3GrailsEnvironmentTestSuite$_runTest_closure4.doCall(JUnit3GrailsEnvironmentTestSuite.groovy:89)|n	at sun.reflect.NativeMethodAccessorImpl.invoke0(Native Method)|n	at sun.reflect.NativeMethodAccessorImpl.invoke(NativeMethodAccessorImpl.java:39)|n	at sun.reflect.DelegatingMethodAccessorImpl.invoke(DelegatingMethodAccessorImpl.java:25)|n	at java.lang.reflect.Method.invoke(Method.java:597)|n	at org.codehaus.groovy.runtime.callsite.PogoMetaMethodSite$PogoCachedMethodSite.invoke(PogoMetaMethodSite.java:225)|n	at org.codehaus.groovy.runtime.callsite.PogoMetaMethodSite.callCurrent(PogoMetaMethodSite.java:51)|n	at org.codehaus.groovy.runtime.callsite.CallSiteArray.defaultCallCurrent(CallSiteArray.java:44)|n	at org.codehaus.groovy.runtime.callsite.AbstractCallSite.callCurrent(AbstractCallSite.java:143)|n	at org.codehaus.groovy.runtime.callsite.AbstractCallSite.callCurrent(AbstractCallSite.java:151)|n	at org.codehaus.groovy.grails.test.junit3.JUnit3GrailsEnvironmentTestSuite$_runTest_closure4.doCall(JUnit3GrailsEnvironmentTestSuite.groovy)|n	at sun.reflect.NativeMethodAccessorImpl.invoke0(Native Method)|n	at sun.reflect.NativeMethodAccessorImpl.invoke(NativeMethodAccessorImpl.java:39)|n	at sun.reflect.DelegatingMethodAccessorImpl.invoke(DelegatingMethodAccessorImpl.java:25)|n	at java.lang.reflect.Method.invoke(Method.java:597)|n	at org.codehaus.groovy.reflection.CachedMethod.invoke(CachedMethod.java:86)|n	at groovy.lang.MetaMethod.doMethodInvoke(MetaMethod.java:234)|n	at groovy.lang.MetaClassImpl.invokeMethod(MetaClassImpl.java:1049)|n	at groovy.lang.ExpandoMetaClass.invokeMethod(ExpandoMetaClass.java:923)|n	at groovy.lang.MetaClassImpl.invokeMethod(MetaClassImpl.java:880)|n	at groovy.lang.Closure.call(Closure.java:279)|n	at groovy.lang.Closure.call(Closure.java:274)|n	at groovy.lang.Closure$call$0.call(Unknown Source)|n	at org.codehaus.groovy.runtime.callsite.CallSiteArray.defaultCall(CallSiteArray.java:40)|n	at org.codehaus.groovy.runtime.callsite.AbstractCallSite.call(AbstractCallSite.java:117)|n	at org.codehaus.groovy.runtime.callsite.AbstractCallSite.call(AbstractCallSite.java:121)|n	at org.codehaus.groovy.grails.test.junit3.JUnit3GrailsEnvironmentTestSuite.runTest(JUnit3GrailsEnvironmentTestSuite.groovy:95)|n	at org.codehaus.groovy.grails.test.junit3.JUnit3GrailsTestTypeRunner.runTests(JUnit3GrailsTestTypeRunner.java:75)|n	at org.codehaus.groovy.grails.test.junit3.JUnit3GrailsTestType.doRun(JUnit3GrailsTestType.java:135)|n	at sun.reflect.NativeMethodAccessorImpl.invoke0(Native Method)|n	at sun.reflect.NativeMethodAccessorImpl.invoke(NativeMethodAccessorImpl.java:39)|n	at sun.reflect.DelegatingMethodAccessorImpl.invoke(DelegatingMethodAccessorImpl.java:25)|n	at java.lang.reflect.Method.invoke(Method.java:597)|n	at org.codehaus.groovy.runtime.callsite.PogoMetaMethodSite$PogoCachedMethodSiteNoUnwrapNoCoerce.invoke(PogoMetaMethodSite.java:266)|n	at org.codehaus.groovy.runtime.callsite.PogoMetaMethodSite.callCurrent(PogoMetaMethodSite.java:51)|n	at org.codehaus.groovy.runtime.callsite.CallSiteArray.defaultCallCurrent(CallSiteArray.java:44)|n	at org.codehaus.groovy.runtime.callsite.AbstractCallSite.callCurrent(AbstractCallSite.java:143)|n	at org.codehaus.groovy.runtime.callsite.AbstractCallSite.callCurrent(AbstractCallSite.java:151)|n	at org.codehaus.groovy.grails.test.support.GrailsTestTypeSupport.run(GrailsTestTypeSupport.groovy:119)|n	at org.codehaus.groovy.grails.test.GrailsTestType$run.call(Unknown Source)|n	at org.codehaus.groovy.runtime.callsite.CallSiteArray.defaultCall(CallSiteArray.java:40)|n	at org.codehaus.groovy.runtime.callsite.AbstractCallSite.call(AbstractCallSite.java:117)|n	at org.codehaus.groovy.runtime.callsite.AbstractCallSite.call(AbstractCallSite.java:125)|n	at _GrailsTest_groovy$_run_closure4.doCall(_GrailsTest_groovy:262)|n	at sun.reflect.NativeMethodAccessorImpl.invoke0(Native Method)|n	at sun.reflect.NativeMethodAccessorImpl.invoke(NativeMethodAccessorImpl.java:39)|n	at sun.reflect.DelegatingMethodAccessorImpl.invoke(DelegatingMethodAccessorImpl.java:25)|n	at java.lang.reflect.Method.invoke(Method.java:597)|n	at org.codehaus.groovy.runtime.callsite.PogoMetaMethodSite$PogoCachedMethodSiteNoUnwrapNoCoerce.invoke(PogoMetaMethodSite.java:266)|n	at org.codehaus.groovy.runtime.callsite.PogoMetaMethodSite.callCurrent(PogoMetaMethodSite.java:51)|n	at org.codehaus.groovy.runtime.callsite.CallSiteArray.defaultCallCurrent(CallSiteArray.java:44)|n	at org.codehaus.groovy.runtime.callsite.AbstractCallSite.callCurrent(AbstractCallSite.java:143)|n	at org.codehaus.groovy.runtime.callsite.AbstractCallSite.callCurrent(AbstractCallSite.java:155)|n	at _GrailsTest_groovy$_run_closure4.call(_GrailsTest_groovy)|n	at sun.reflect.NativeMethodAccessorImpl.invoke0(Native Method)|n	at sun.reflect.NativeMethodAccessorImpl.invoke(NativeMethodAccessorImpl.java:39)|n	at sun.reflect.DelegatingMethodAccessorImpl.invoke(DelegatingMethodAccessorImpl.java:25)|n	at java.lang.reflect.Method.invoke(Method.java:597)|n	at org.codehaus.groovy.reflection.CachedMethod.invoke(CachedMethod.java:86)|n	at groovy.lang.MetaMethod.doMethodInvoke(MetaMethod.java:234)|n	at groovy.lang.MetaClassImpl.invokeMethod(MetaClassImpl.java:1049)|n	at groovy.lang.ExpandoMetaClass.invokeMethod(ExpandoMetaClass.java:923)|n	at groovy.lang.MetaClassImpl.invokeMethod(MetaClassImpl.java:880)|n	at groovy.lang.MetaClassImpl.invokePropertyOrMissing(MetaClassImpl.java:1095)|n	at groovy.lang.MetaClassImpl.invokeMethod(MetaClassImpl.java:1051)|n	at groovy.lang.ExpandoMetaClass.invokeMethod(ExpandoMetaClass.java:923)|n	at groovy.lang.MetaClassImpl.invokeMethod(MetaClassImpl.java:880)|n	at groovy.lang.MetaClassImpl.invokeMethod(MetaClassImpl.java:706)|n	at groovy.lang.GroovyObjectSupport.invokeMethod(GroovyObjectSupport.java:44)|n	at groovy.lang.Script.invokeMethod(Script.java:78)|n	at groovy.lang.MetaClassImpl.invokeMethodOnGroovyObject(MetaClassImpl.java:1114)|n	at groovy.lang.MetaClassImpl.invokeMethod(MetaClassImpl.java:1011)|n	at groovy.lang.ExpandoMetaClass.invokeMethod(ExpandoMetaClass.java:923)|n	at groovy.lang.MetaClassImpl.invokeMethod(MetaClassImpl.java:880)|n	at org.codehaus.groovy.runtime.callsite.PogoMetaClassSite.callCurrent(PogoMetaClassSite.java:66)|n	at org.codehaus.groovy.runtime.callsite.CallSiteArray.defaultCallCurrent(CallSiteArray.java:44)|n	at org.codehaus.groovy.runtime.callsite.AbstractCallSite.callCurrent(AbstractCallSite.java:143)|n	at org.codehaus.groovy.runtime.callsite.AbstractCallSite.callCurrent(AbstractCallSite.java:155)|n	at _GrailsTest_groovy$_run_closure2.doCall(_GrailsTest_groovy:221)|n	at sun.reflect.NativeMethodAccessorImpl.invoke0(Native Method)|n	at sun.reflect.NativeMethodAccessorImpl.invoke(NativeMethodAccessorImpl.java:39)|n	at sun.reflect.DelegatingMethodAccessorImpl.invoke(DelegatingMethodAccessorImpl.java:25)|n	at java.lang.reflect.Method.invoke(Method.java:597)|n	at org.codehaus.groovy.reflection.CachedMethod.invoke(CachedMethod.java:86)|n	at groovy.lang.MetaMethod.doMethodInvoke(MetaMethod.java:234)|n	at groovy.lang.MetaClassImpl.invokeMethod(MetaClassImpl.java:1049)|n	at groovy.lang.ExpandoMetaClass.invokeMethod(ExpandoMetaClass.java:923)|n	at groovy.lang.MetaClassImpl.invokeMethod(MetaClassImpl.java:880)|n	at groovy.lang.Closure.call(Closure.java:279)|n	at groovy.lang.Closure.call(Closure.java:292)|n	at org.codehaus.groovy.runtime.DefaultGroovyMethods.each(DefaultGroovyMethods.java:1165)|n	at org.codehaus.groovy.runtime.DefaultGroovyMethods.each(DefaultGroovyMethods.java:1141)|n	at org.codehaus.groovy.runtime.dgm$96.invoke(Unknown Source)|n	at org.codehaus.groovy.runtime.callsite.PojoMetaMethodSite$PojoMetaMethodSiteNoUnwrapNoCoerce.invoke(PojoMetaMethodSite.java:270)|n	at org.codehaus.groovy.runtime.callsite.PojoMetaMethodSite.call(PojoMetaMethodSite.java:52)|n	at org.codehaus.groovy.runtime.callsite.CallSiteArray.defaultCall(CallSiteArray.java:40)|n	at org.codehaus.groovy.runtime.callsite.AbstractCallSite.call(AbstractCallSite.java:117)|n	at org.codehaus.groovy.runtime.callsite.AbstractCallSite.call(AbstractCallSite.java:125)|n	at _GrailsTest_groovy$_run_closure1_closure21.doCall(_GrailsTest_groovy:181)|n	at sun.reflect.NativeMethodAccessorImpl.invoke0(Native Method)|n	at sun.reflect.NativeMethodAccessorImpl.invoke(NativeMethodAccessorImpl.java:39)|n	at sun.reflect.DelegatingMethodAccessorImpl.invoke(DelegatingMethodAccessorImpl.java:25)|n	at java.lang.reflect.Method.invoke(Method.java:597)|n	at org.codehaus.groovy.reflection.CachedMethod.invoke(CachedMethod.java:86)|n	at groovy.lang.MetaMethod.doMethodInvoke(MetaMethod.java:234)|n	at groovy.lang.MetaClassImpl.invokeMethod(MetaClassImpl.java:1049)|n	at groovy.lang.ExpandoMetaClass.invokeMethod(ExpandoMetaClass.java:923)|n	at groovy.lang.MetaClassImpl.invokeMethod(MetaClassImpl.java:880)|n	at groovy.lang.Closure.call(Closure.java:279)|n	at org.codehaus.groovy.runtime.DefaultGroovyMethods.callClosureForMapEntry(DefaultGroovyMethods.java:2030)|n	at org.codehaus.groovy.runtime.DefaultGroovyMethods.each(DefaultGroovyMethods.java:1184)|n	at org.codehaus.groovy.runtime.dgm$97.invoke(Unknown Source)|n	at org.codehaus.groovy.runtime.callsite.PojoMetaMethodSite$PojoMetaMethodSiteNoUnwrapNoCoerce.invoke(PojoMetaMethodSite.java:270)|n	at org.codehaus.groovy.runtime.callsite.PojoMetaMethodSite.call(PojoMetaMethodSite.java:52)|n	at org.codehaus.groovy.runtime.callsite.CallSiteArray.defaultCall(CallSiteArray.java:40)|n	at org.codehaus.groovy.runtime.callsite.AbstractCallSite.call(AbstractCallSite.java:117)|n	at org.codehaus.groovy.runtime.callsite.AbstractCallSite.call(AbstractCallSite.java:125)|n	at _GrailsTest_groovy$_run_closure1.doCall(_GrailsTest_groovy:168)|n	at sun.reflect.NativeMethodAccessorImpl.invoke0(Native Method)|n	at sun.reflect.NativeMethodAccessorImpl.invoke(NativeMethodAccessorImpl.java:39)|n	at sun.reflect.DelegatingMethodAccessorImpl.invoke(DelegatingMethodAccessorImpl.java:25)|n	at java.lang.reflect.Method.invoke(Method.java:597)|n	at org.codehaus.groovy.reflection.CachedMethod.invoke(CachedMethod.java:86)|n	at groovy.lang.MetaMethod.doMethodInvoke(MetaMethod.java:234)|n	at groovy.lang.MetaClassImpl.invokeMethod(MetaClassImpl.java:1049)|n	at groovy.lang.ExpandoMetaClass.invokeMethod(ExpandoMetaClass.java:923)|n	at groovy.lang.MetaClassImpl.invokeMethod(MetaClassImpl.java:880)|n	at groovy.lang.DelegatingMetaClass.invokeMethod(DelegatingMetaClass.java:149)|n	at org.codehaus.gant.GantMetaClass.invokeMethod(GantMetaClass.java:127)|n	at groovy.lang.Closure.call(Closure.java:279)|n	at groovy.lang.Closure.call(Closure.java:292)|n	at sun.reflect.NativeMethodAccessorImpl.invoke0(Native Method)|n	at sun.reflect.NativeMethodAccessorImpl.invoke(NativeMethodAccessorImpl.java:39)|n	at sun.reflect.DelegatingMethodAccessorImpl.invoke(DelegatingMethodAccessorImpl.java:25)|n	at java.lang.reflect.Method.invoke(Method.java:597)|n	at org.codehaus.groovy.reflection.CachedMethod.invoke(CachedMethod.java:86)|n	at groovy.lang.MetaMethod.doMethodInvoke(MetaMethod.java:234)|n	at groovy.lang.MetaClassImpl.invokeMethod(MetaClassImpl.java:1049)|n	at groovy.lang.ExpandoMetaClass.invokeMethod(ExpandoMetaClass.java:923)|n	at groovy.lang.MetaClassImpl.invokeMethod(MetaClassImpl.java:880)|n	at groovy.lang.DelegatingMetaClass.invokeMethod(DelegatingMetaClass.java:149)|n	at org.codehaus.gant.GantMetaClass.invokeMethod(GantMetaClass.java:127)|n	at org.codehaus.groovy.runtime.callsite.PogoMetaClassSite.call(PogoMetaClassSite.java:39)|n	at org.codehaus.groovy.runtime.callsite.CallSiteArray.defaultCall(CallSiteArray.java:40)|n	at org.codehaus.groovy.runtime.callsite.PogoMetaClassSite.call(PogoMetaClassSite.java:54)|n	at org.codehaus.groovy.runtime.callsite.AbstractCallSite.call(AbstractCallSite.java:125)|n	at org.codehaus.gant.GantBinding$_initializeGantBinding_closure4_closure8_closure9.doCall(GantBinding.groovy:152)|n	at sun.reflect.NativeMethodAccessorImpl.invoke0(Native Method)|n	at sun.reflect.NativeMethodAccessorImpl.invoke(NativeMethodAccessorImpl.java:39)|n	at sun.reflect.DelegatingMethodAccessorImpl.invoke(DelegatingMethodAccessorImpl.java:25)|n	at java.lang.reflect.Method.invoke(Method.java:597)|n	at org.codehaus.groovy.runtime.callsite.PogoMetaMethodSite$PogoCachedMethodSiteNoUnwrapNoCoerce.invoke(PogoMetaMethodSite.java:266)|n	at org.codehaus.groovy.runtime.callsite.PogoMetaMethodSite.callCurrent(PogoMetaMethodSite.java:51)|n	at org.codehaus.groovy.runtime.callsite.AbstractCallSite.callCurrent(AbstractCallSite.java:151)|n	at org.codehaus.gant.GantBinding$_initializeGantBinding_closure4_closure8_closure9.doCall(GantBinding.groovy)|n	at sun.reflect.NativeMethodAccessorImpl.invoke0(Native Method)|n	at sun.reflect.NativeMethodAccessorImpl.invoke(NativeMethodAccessorImpl.java:39)|n	at sun.reflect.DelegatingMethodAccessorImpl.invoke(DelegatingMethodAccessorImpl.java:25)|n	at java.lang.reflect.Method.invoke(Method.java:597)|n	at org.codehaus.groovy.reflection.CachedMethod.invoke(CachedMethod.java:86)|n	at groovy.lang.MetaMethod.doMethodInvoke(MetaMethod.java:234)|n	at groovy.lang.MetaClassImpl.invokeMethod(MetaClassImpl.java:1049)|n	at groovy.lang.ExpandoMetaClass.invokeMethod(ExpandoMetaClass.java:923)|n	at groovy.lang.MetaClassImpl.invokeMethod(MetaClassImpl.java:880)|n	at groovy.lang.Closure.call(Closure.java:279)|n	at groovy.lang.Closure.call(Closure.java:274)|n	at groovy.lang.Closure$call$0.call(Unknown Source)|n	at org.codehaus.gant.GantBinding.withTargetEvent(GantBinding.groovy:90)|n	at org.codehaus.gant.GantBinding.this$4$withTargetEvent(GantBinding.groovy)|n	at sun.reflect.NativeMethodAccessorImpl.invoke0(Native Method)|n	at sun.reflect.NativeMethodAccessorImpl.invoke(NativeMethodAccessorImpl.java:39)|n	at sun.reflect.DelegatingMethodAccessorImpl.invoke(DelegatingMethodAccessorImpl.java:25)|n	at java.lang.reflect.Method.invoke(Method.java:597)|n	at org.codehaus.groovy.reflection.CachedMethod.invoke(CachedMethod.java:86)|n	at groovy.lang.MetaMethod.doMethodInvoke(MetaMethod.java:234)|n	at groovy.lang.MetaClassImpl.invokeMethod(MetaClassImpl.java:1049)|n	at groovy.lang.ExpandoMetaClass.invokeMethod(ExpandoMetaClass.java:923)|n	at groovy.lang.MetaClassImpl.invokeMethod(MetaClassImpl.java:880)|n	at groovy.lang.MetaClassImpl.invokeMethod(MetaClassImpl.java:997)|n	at groovy.lang.ExpandoMetaClass.invokeMethod(ExpandoMetaClass.java:923)|n	at groovy.lang.MetaClassImpl.invokeMethod(MetaClassImpl.java:880)|n	at groovy.lang.MetaClassImpl.invokeMethod(MetaClassImpl.java:706)|n	at groovy.lang.GroovyObjectSupport.invokeMethod(GroovyObjectSupport.java:44)|n	at groovy.lang.MetaClassImpl.invokeMethodOnGroovyObject(MetaClassImpl.java:1114)|n	at groovy.lang.MetaClassImpl.invokeMethod(MetaClassImpl.java:1011)|n	at groovy.lang.ExpandoMetaClass.invokeMethod(ExpandoMetaClass.java:923)|n	at groovy.lang.MetaClassImpl.invokeMethod(MetaClassImpl.java:880)|n	at org.codehaus.groovy.runtime.callsite.PogoMetaClassSite.callCurrent(PogoMetaClassSite.java:66)|n	at org.codehaus.groovy.runtime.callsite.AbstractCallSite.callCurrent(AbstractCallSite.java:159)|n	at org.codehaus.gant.GantBinding$_initializeGantBinding_closure4_closure8.doCall(GantBinding.groovy:152)|n	at sun.reflect.NativeMethodAccessorImpl.invoke0(Native Method)|n	at sun.reflect.NativeMethodAccessorImpl.invoke(NativeMethodAccessorImpl.java:39)|n	at sun.reflect.DelegatingMethodAccessorImpl.invoke(DelegatingMethodAccessorImpl.java:25)|n	at java.lang.reflect.Method.invoke(Method.java:597)|n	at org.codehaus.groovy.runtime.callsite.PogoMetaMethodSite$PogoCachedMethodSiteNoUnwrapNoCoerce.invoke(PogoMetaMethodSite.java:266)|n	at org.codehaus.groovy.runtime.callsite.PogoMetaMethodSite.callCurrent(PogoMetaMethodSite.java:51)|n	at org.codehaus.groovy.runtime.callsite.AbstractCallSite.callCurrent(AbstractCallSite.java:151)|n	at org.codehaus.gant.GantBinding$_initializeGantBinding_closure4_closure8.doCall(GantBinding.groovy)|n	at sun.reflect.NativeMethodAccessorImpl.invoke0(Native Method)|n	at sun.reflect.NativeMethodAccessorImpl.invoke(NativeMethodAccessorImpl.java:39)|n	at sun.reflect.DelegatingMethodAccessorImpl.invoke(DelegatingMethodAccessorImpl.java:25)|n	at java.lang.reflect.Method.invoke(Method.java:597)|n	at org.codehaus.groovy.reflection.CachedMethod.invoke(CachedMethod.java:86)|n	at groovy.lang.MetaMethod.doMethodInvoke(MetaMethod.java:234)|n	at groovy.lang.MetaClassImpl.invokeMethod(MetaClassImpl.java:1049)|n	at groovy.lang.ExpandoMetaClass.invokeMethod(ExpandoMetaClass.java:923)|n	at groovy.lang.MetaClassImpl.invokeMethod(MetaClassImpl.java:880)|n	at groovy.lang.Closure.call(Closure.java:279)|n	at groovy.lang.Closure.call(Closure.java:274)|n	at sun.reflect.NativeMethodAccessorImpl.invoke0(Native Method)|n	at sun.reflect.NativeMethodAccessorImpl.invoke(NativeMethodAccessorImpl.java:39)|n	at sun.reflect.DelegatingMethodAccessorImpl.invoke(DelegatingMethodAccessorImpl.java:25)|n	at java.lang.reflect.Method.invoke(Method.java:597)|n	at org.codehaus.groovy.reflection.CachedMethod.invoke(CachedMethod.java:86)|n	at groovy.lang.MetaMethod.doMethodInvoke(MetaMethod.java:234)|n	at groovy.lang.MetaClassImpl.invokeMethod(MetaClassImpl.java:1049)|n	at groovy.lang.ExpandoMetaClass.invokeMethod(ExpandoMetaClass.java:923)|n	at groovy.lang.MetaClassImpl.invokeMethod(MetaClassImpl.java:880)|n	at groovy.lang.MetaClassImpl.invokePropertyOrMissing(MetaClassImpl.java:1095)|n	at groovy.lang.MetaClassImpl.invokeMethod(MetaClassImpl.java:1051)|n	at groovy.lang.ExpandoMetaClass.invokeMethod(ExpandoMetaClass.java:923)|n	at groovy.lang.MetaClassImpl.invokeMethod(MetaClassImpl.java:880)|n	at groovy.lang.MetaClassImpl.invokeMethod(MetaClassImpl.java:706)|n	at groovy.lang.GroovyObjectSupport.invokeMethod(GroovyObjectSupport.java:44)|n	at groovy.lang.Script.invokeMethod(Script.java:78)|n	at groovy.lang.MetaClassImpl.invokeMethodOnGroovyObject(MetaClassImpl.java:1114)|n	at groovy.lang.MetaClassImpl.invokeMethod(MetaClassImpl.java:1011)|n	at groovy.lang.ExpandoMetaClass.invokeMethod(ExpandoMetaClass.java:923)|n	at groovy.lang.MetaClassImpl.invokeMethod(MetaClassImpl.java:880)|n	at groovy.lang.DelegatingMetaClass.invokeMethod(DelegatingMetaClass.java:149)|n	at org.codehaus.gant.GantMetaClass.invokeMethod(GantMetaClass.java:127)|n	at org.codehaus.groovy.runtime.callsite.PogoMetaClassSite.callCurrent(PogoMetaClassSite.java:66)|n	at org.codehaus.groovy.runtime.callsite.CallSiteArray.defaultCallCurrent(CallSiteArray.java:44)|n	at org.codehaus.groovy.runtime.callsite.AbstractCallSite.callCurrent(AbstractCallSite.java:143)|n	at org.codehaus.groovy.runtime.callsite.AbstractCallSite.callCurrent(AbstractCallSite.java:147)|n	at TestApp$_run_closure1.doCall(TestApp.groovy:102)|n	at sun.reflect.NativeMethodAccessorImpl.invoke0(Native Method)|n	at sun.reflect.NativeMethodAccessorImpl.invoke(NativeMethodAccessorImpl.java:39)|n	at sun.reflect.DelegatingMethodAccessorImpl.invoke(DelegatingMethodAccessorImpl.java:25)|n	at java.lang.reflect.Method.invoke(Method.java:597)|n	at org.codehaus.groovy.reflection.CachedMethod.invoke(CachedMethod.java:86)|n	at groovy.lang.MetaMethod.doMethodInvoke(MetaMethod.java:234)|n	at groovy.lang.MetaClassImpl.invokeMethod(MetaClassImpl.java:1049)|n	at groovy.lang.ExpandoMetaClass.invokeMethod(ExpandoMetaClass.java:923)|n	at groovy.lang.MetaClassImpl.invokeMethod(MetaClassImpl.java:880)|n	at groovy.lang.DelegatingMetaClass.invokeMethod(DelegatingMetaClass.java:149)|n	at org.codehaus.gant.GantMetaClass.invokeMethod(GantMetaClass.java:127)|n	at groovy.lang.Closure.call(Closure.java:279)|n	at groovy.lang.Closure.call(Closure.java:292)|n	at sun.reflect.NativeMethodAccessorImpl.invoke0(Native Method)|n	at sun.reflect.NativeMethodAccessorImpl.invoke(NativeMethodAccessorImpl.java:39)|n	at sun.reflect.DelegatingMethodAccessorImpl.invoke(DelegatingMethodAccessorImpl.java:25)|n	at java.lang.reflect.Method.invoke(Method.java:597)|n	at org.codehaus.groovy.reflection.CachedMethod.invoke(CachedMethod.java:86)|n	at groovy.lang.MetaMethod.doMethodInvoke(MetaMethod.java:234)|n	at groovy.lang.MetaClassImpl.invokeMethod(MetaClassImpl.java:1049)|n	at groovy.lang.ExpandoMetaClass.invokeMethod(ExpandoMetaClass.java:923)|n	at groovy.lang.MetaClassImpl.invokeMethod(MetaClassImpl.java:880)|n	at groovy.lang.DelegatingMetaClass.invokeMethod(DelegatingMetaClass.java:149)|n	at org.codehaus.gant.GantMetaClass.invokeMethod(GantMetaClass.java:127)|n	at org.codehaus.groovy.runtime.callsite.PogoMetaClassSite.call(PogoMetaClassSite.java:39)|n	at org.codehaus.groovy.runtime.callsite.CallSiteArray.defaultCall(CallSiteArray.java:40)|n	at org.codehaus.groovy.runtime.callsite.PogoMetaClassSite.call(PogoMetaClassSite.java:54)|n	at org.codehaus.groovy.runtime.callsite.AbstractCallSite.call(AbstractCallSite.java:125)|n	at org.codehaus.gant.GantBinding$_initializeGantBinding_closure4_closure8_closure9.doCall(GantBinding.groovy:152)|n	at sun.reflect.NativeMethodAccessorImpl.invoke0(Native Method)|n	at sun.reflect.NativeMethodAccessorImpl.invoke(NativeMethodAccessorImpl.java:39)|n	at sun.reflect.DelegatingMethodAccessorImpl.invoke(DelegatingMethodAccessorImpl.java:25)|n	at java.lang.reflect.Method.invoke(Method.java:597)|n	at org.codehaus.groovy.runtime.callsite.PogoMetaMethodSite$PogoCachedMethodSiteNoUnwrapNoCoerce.invoke(PogoMetaMethodSite.java:266)|n	at org.codehaus.groovy.runtime.callsite.PogoMetaMethodSite.callCurrent(PogoMetaMethodSite.java:51)|n	at org.codehaus.groovy.runtime.callsite.AbstractCallSite.callCurrent(AbstractCallSite.java:151)|n	at org.codehaus.gant.GantBinding$_initializeGantBinding_closure4_closure8_closure9.doCall(GantBinding.groovy)|n	at sun.reflect.NativeMethodAccessorImpl.invoke0(Native Method)|n	at sun.reflect.NativeMethodAccessorImpl.invoke(NativeMethodAccessorImpl.java:39)|n	at sun.reflect.DelegatingMethodAccessorImpl.invoke(DelegatingMethodAccessorImpl.java:25)|n	at java.lang.reflect.Method.invoke(Method.java:597)|n	at org.codehaus.groovy.reflection.CachedMethod.invoke(CachedMethod.java:86)|n	at groovy.lang.MetaMethod.doMethodInvoke(MetaMethod.java:234)|n	at groovy.lang.MetaClassImpl.invokeMethod(MetaClassImpl.java:1049)|n	at groovy.lang.ExpandoMetaClass.invokeMethod(ExpandoMetaClass.java:923)|n	at groovy.lang.MetaClassImpl.invokeMethod(MetaClassImpl.java:880)|n	at groovy.lang.Closure.call(Closure.java:279)|n	at groovy.lang.Closure.call(Closure.java:274)|n	at groovy.lang.Closure$call$0.call(Unknown Source)|n	at org.codehaus.gant.GantBinding.withTargetEvent(GantBinding.groovy:90)|n	at org.codehaus.gant.GantBinding.this$4$withTargetEvent(GantBinding.groovy)|n	at sun.reflect.NativeMethodAccessorImpl.invoke0(Native Method)|n	at sun.reflect.NativeMethodAccessorImpl.invoke(NativeMethodAccessorImpl.java:39)|n	at sun.reflect.DelegatingMethodAccessorImpl.invoke(DelegatingMethodAccessorImpl.java:25)|n	at java.lang.reflect.Method.invoke(Method.java:597)|n	at org.codehaus.groovy.reflection.CachedMethod.invoke(CachedMethod.java:86)|n	at groovy.lang.MetaMethod.doMethodInvoke(MetaMethod.java:234)|n	at groovy.lang.MetaClassImpl.invokeMethod(MetaClassImpl.java:1049)|n	at groovy.lang.ExpandoMetaClass.invokeMethod(ExpandoMetaClass.java:923)|n	at groovy.lang.MetaClassImpl.invokeMethod(MetaClassImpl.java:880)|n	at groovy.lang.MetaClassImpl.invokeMethod(MetaClassImpl.java:997)|n	at groovy.lang.ExpandoMetaClass.invokeMethod(ExpandoMetaClass.java:923)|n	at groovy.lang.MetaClassImpl.invokeMethod(MetaClassImpl.java:880)|n	at groovy.lang.MetaClassImpl.invokeMethod(MetaClassImpl.java:706)|n	at groovy.lang.GroovyObjectSupport.invokeMethod(GroovyObjectSupport.java:44)|n	at groovy.lang.MetaClassImpl.invokeMethodOnGroovyObject(MetaClassImpl.java:1114)|n	at groovy.lang.MetaClassImpl.invokeMethod(MetaClassImpl.java:1011)|n	at groovy.lang.ExpandoMetaClass.invokeMethod(ExpandoMetaClass.java:923)|n	at groovy.lang.MetaClassImpl.invokeMethod(MetaClassImpl.java:880)|n	at org.codehaus.groovy.runtime.callsite.PogoMetaClassSite.callCurrent(PogoMetaClassSite.java:66)|n	at org.codehaus.groovy.runtime.callsite.AbstractCallSite.callCurrent(AbstractCallSite.java:159)|n	at org.codehaus.gant.GantBinding$_initializeGantBinding_closure4_closure8.doCall(GantBinding.groovy:152)|n	at sun.reflect.NativeMethodAccessorImpl.invoke0(Native Method)|n	at sun.reflect.NativeMethodAccessorImpl.invoke(NativeMethodAccessorImpl.java:39)|n	at sun.reflect.DelegatingMethodAccessorImpl.invoke(DelegatingMethodAccessorImpl.java:25)|n	at java.lang.reflect.Method.invoke(Method.java:597)|n	at org.codehaus.groovy.runtime.callsite.PogoMetaMethodSite$PogoCachedMethodSiteNoUnwrapNoCoerce.invoke(PogoMetaMethodSite.java:266)|n	at org.codehaus.groovy.runtime.callsite.PogoMetaMethodSite.callCurrent(PogoMetaMethodSite.java:51)|n	at org.codehaus.groovy.runtime.callsite.AbstractCallSite.callCurrent(AbstractCallSite.java:151)|n	at org.codehaus.gant.GantBinding$_initializeGantBinding_closure4_closure8.doCall(GantBinding.groovy)|n	at sun.reflect.NativeMethodAccessorImpl.invoke0(Native Method)|n	at sun.reflect.NativeMethodAccessorImpl.invoke(NativeMethodAccessorImpl.java:39)|n	at sun.reflect.DelegatingMethodAccessorImpl.invoke(DelegatingMethodAccessorImpl.java:25)|n	at java.lang.reflect.Method.invoke(Method.java:597)|n	at org.codehaus.groovy.reflection.CachedMethod.invoke(CachedMethod.java:86)|n	at groovy.lang.MetaMethod.doMethodInvoke(MetaMethod.java:234)|n	at groovy.lang.MetaClassImpl.invokeMethod(MetaClassImpl.java:1049)|n	at groovy.lang.ExpandoMetaClass.invokeMethod(ExpandoMetaClass.java:923)|n	at groovy.lang.MetaClassImpl.invokeMethod(MetaClassImpl.java:880)|n	at groovy.lang.Closure.call(Closure.java:279)|n	at groovy.lang.Closure.call(Closure.java:274)|n	at groovy.lang.Closure$call$0.call(Unknown Source)|n	at org.codehaus.groovy.runtime.callsite.CallSiteArray.defaultCall(CallSiteArray.java:40)|n	at org.codehaus.groovy.runtime.callsite.AbstractCallSite.call(AbstractCallSite.java:117)|n	at org.codehaus.groovy.runtime.callsite.AbstractCallSite.call(AbstractCallSite.java:121)|n	at gant.Gant$_dispatch_closure4.doCall(Gant.groovy:324)|n	at sun.reflect.NativeMethodAccessorImpl.invoke0(Native Method)|n	at sun.reflect.NativeMethodAccessorImpl.invoke(NativeMethodAccessorImpl.java:39)|n	at sun.reflect.DelegatingMethodAccessorImpl.invoke(DelegatingMethodAccessorImpl.java:25)|n	at java.lang.reflect.Method.invoke(Method.java:597)|n	at org.codehaus.groovy.reflection.CachedMethod.invoke(CachedMethod.java:86)|n	at groovy.lang.MetaMethod.doMethodInvoke(MetaMethod.java:234)|n	at groovy.lang.MetaClassImpl.invokeMethod(MetaClassImpl.java:1049)|n	at groovy.lang.ExpandoMetaClass.invokeMethod(ExpandoMetaClass.java:923)|n	at groovy.lang.MetaClassImpl.invokeMethod(MetaClassImpl.java:880)|n	at groovy.lang.Closure.call(Closure.java:279)|n	at groovy.lang.Closure.call(Closure.java:292)|n	at groovy.lang.Closure$call.call(Unknown Source)|n	at org.codehaus.groovy.runtime.callsite.CallSiteArray.defaultCall(CallSiteArray.java:40)|n	at org.codehaus.groovy.runtime.callsite.AbstractCallSite.call(AbstractCallSite.java:117)|n	at org.codehaus.groovy.runtime.callsite.AbstractCallSite.call(AbstractCallSite.java:125)|n	at gant.Gant$_dispatch_closure6.doCall(Gant.groovy:334)|n	at sun.reflect.NativeMethodAccessorImpl.invoke0(Native Method)|n	at sun.reflect.NativeMethodAccessorImpl.invoke(NativeMethodAccessorImpl.java:39)|n	at sun.reflect.DelegatingMethodAccessorImpl.invoke(DelegatingMethodAccessorImpl.java:25)|n	at java.lang.reflect.Method.invoke(Method.java:597)|n	at org.codehaus.groovy.runtime.callsite.PogoMetaMethodSite$PogoCachedMethodSiteNoUnwrapNoCoerce.invoke(PogoMetaMethodSite.java:266)|n	at org.codehaus.groovy.runtime.callsite.PogoMetaMethodSite.callCurrent(PogoMetaMethodSite.java:51)|n	at org.codehaus.groovy.runtime.callsite.CallSiteArray.defaultCallCurrent(CallSiteArray.java:44)|n	at org.codehaus.groovy.runtime.callsite.AbstractCallSite.callCurrent(AbstractCallSite.java:143)|n	at org.codehaus.groovy.runtime.callsite.AbstractCallSite.callCurrent(AbstractCallSite.java:151)|n	at gant.Gant$_dispatch_closure6.doCall(Gant.groovy)|n	at sun.reflect.NativeMethodAccessorImpl.invoke0(Native Method)|n	at sun.reflect.NativeMethodAccessorImpl.invoke(NativeMethodAccessorImpl.java:39)|n	at sun.reflect.DelegatingMethodAccessorImpl.invoke(DelegatingMethodAccessorImpl.java:25)|n	at java.lang.reflect.Method.invoke(Method.java:597)|n	at org.codehaus.groovy.reflection.CachedMethod.invoke(CachedMethod.java:86)|n	at groovy.lang.MetaMethod.doMethodInvoke(MetaMethod.java:234)|n	at groovy.lang.MetaClassImpl.invokeMethod(MetaClassImpl.java:1049)|n	at groovy.lang.ExpandoMetaClass.invokeMethod(ExpandoMetaClass.java:923)|n	at groovy.lang.MetaClassImpl.invokeMethod(MetaClassImpl.java:880)|n	at groovy.lang.Closure.call(Closure.java:279)|n	at groovy.lang.Closure.call(Closure.java:274)|n	at groovy.lang.Closure$call$0.call(Unknown Source)|n	at org.codehaus.groovy.runtime.callsite.CallSiteArray.defaultCall(CallSiteArray.java:40)|n	at org.codehaus.groovy.runtime.callsite.AbstractCallSite.call(AbstractCallSite.java:117)|n	at org.codehaus.groovy.runtime.callsite.AbstractCallSite.call(AbstractCallSite.java:121)|n	at gant.Gant.withBuildListeners(Gant.groovy:344)|n	at gant.Gant.this$2$withBuildListeners(Gant.groovy)|n	at gant.Gant$this$2$withBuildListeners.callCurrent(Unknown Source)|n	at org.codehaus.groovy.runtime.callsite.CallSiteArray.defaultCallCurrent(CallSiteArray.java:44)|n	at org.codehaus.groovy.runtime.callsite.AbstractCallSite.callCurrent(AbstractCallSite.java:143)|n	at org.codehaus.groovy.runtime.callsite.AbstractCallSite.callCurrent(AbstractCallSite.java:151)|n	at gant.Gant.dispatch(Gant.groovy:334)|n	at gant.Gant.this$2$dispatch(Gant.groovy)|n	at sun.reflect.NativeMethodAccessorImpl.invoke0(Native Method)|n	at sun.reflect.NativeMethodAccessorImpl.invoke(NativeMethodAccessorImpl.java:39)|n	at sun.reflect.DelegatingMethodAccessorImpl.invoke(DelegatingMethodAccessorImpl.java:25)|n	at java.lang.reflect.Method.invoke(Method.java:597)|n	at org.codehaus.groovy.reflection.CachedMethod.invoke(CachedMethod.java:86)|n	at groovy.lang.MetaMethod.doMethodInvoke(MetaMethod.java:234)|n	at groovy.lang.MetaClassImpl.invokeMethod(MetaClassImpl.java:1049)|n	at groovy.lang.ExpandoMetaClass.invokeMethod(ExpandoMetaClass.java:923)|n	at groovy.lang.MetaClassImpl.invokeMethod(MetaClassImpl.java:880)|n	at groovy.lang.MetaClassImpl.invokeMethod(MetaClassImpl.java:708)|n	at gant.Gant.invokeMethod(Gant.groovy)|n	at groovy.lang.GroovyObject$invokeMethod.callCurrent(Unknown Source)|n	at org.codehaus.groovy.runtime.callsite.CallSiteArray.defaultCallCurrent(CallSiteArray.java:44)|n	at org.codehaus.groovy.runtime.callsite.AbstractCallSite.callCurrent(AbstractCallSite.java:143)|n	at org.codehaus.groovy.runtime.callsite.AbstractCallSite.callCurrent(AbstractCallSite.java:155)|n	at gant.Gant.processTargets(Gant.groovy:495)|n	at sun.reflect.NativeMethodAccessorImpl.invoke0(Native Method)|n	at sun.reflect.NativeMethodAccessorImpl.invoke(NativeMethodAccessorImpl.java:39)|n	at sun.reflect.DelegatingMethodAccessorImpl.invoke(DelegatingMethodAccessorImpl.java:25)|n	at java.lang.reflect.Method.invoke(Method.java:597)|n	at org.codehaus.groovy.runtime.callsite.PogoMetaMethodSite$PogoCachedMethodSiteNoUnwrapNoCoerce.invoke(PogoMetaMethodSite.java:266)|n	at org.codehaus.groovy.runtime.callsite.PogoMetaMethodSite.callCurrent(PogoMetaMethodSite.java:51)|n	at org.codehaus.groovy.runtime.callsite.CallSiteArray.defaultCallCurrent(CallSiteArray.java:44)|n	at org.codehaus.groovy.runtime.callsite.AbstractCallSite.callCurrent(AbstractCallSite.java:143)|n	at org.codehaus.groovy.runtime.callsite.AbstractCallSite.callCurrent(AbstractCallSite.java:155)|n	at gant.Gant.processTargets(Gant.groovy:480)|n	at org.codehaus.groovy.grails.cli.GrailsScriptRunner.callPluginOrGrailsScript(GrailsScriptRunner.java:485)|n	at org.codehaus.groovy.grails.cli.GrailsScriptRunner.executeCommand(GrailsScriptRunner.java:301)|n	at org.codehaus.groovy.grails.cli.GrailsScriptRunner.main(GrailsScriptRunner.java:115)|n	at sun.reflect.NativeMethodAccessorImpl.invoke0(Native Method)|n	at sun.reflect.NativeMethodAccessorImpl.invoke(NativeMethodAccessorImpl.java:39)|n	at sun.reflect.DelegatingMethodAccessorImpl.invoke(DelegatingMethodAccessorImpl.java:25)|n	at java.lang.reflect.Method.invoke(Method.java:597)|n	at org.codehaus.groovy.grails.cli.support.GrailsStarter.rootLoader(GrailsStarter.java:215)|n	at org.codehaus.groovy.grails.cli.support.GrailsStarter.main(GrailsStarter.java:240)|n' error='true']

##teamcity[testFinished name='testControllerWithCommandObject' duration='71']
]]></system-out>

      <system-err><![CDATA[--Output from testControllerWithCommandObject--
]]></system-err>

  </testsuite>
</testsuites>
